<?xml version="1.0" encoding="UTF-8"?>
<!-- Generated by org.testng.reporters.JUnitReportReporter -->
<testsuite skipped="0" hostname="LAPTOP-1FKIC5DK" name="Test_Scripts.TestScript" tests="1" failures="0" timestamp="11 May 2022 17:24:31 GMT" time="63.422" errors="0">
  <testcase name="test" time="63.422" classname="Test_Scripts.TestScript"/>
</testsuite> <!-- Test_Scripts.TestScript -->
